<?xml version="1.0" encoding="UTF-8"?>
<!-- Generated by org.testng.reporters.JUnitReportReporter -->
<testsuite hostname="DESKTOP-6CM3VIE" failures="0" tests="1" name="com.qa.Testcases.Testcase_login" time="13.310" errors="0" timestamp="2024-01-04T10:38:26 IST" skipped="0">
  <testcase classname="com.qa.Testcases.Testcase_login" name="log" time="13.310"/>
  <system-out/>
</testsuite> <!-- com.qa.Testcases.Testcase_login -->
