<?xml version="1.0" encoding="UTF-8"?>
<!-- Generated by org.testng.reporters.JUnitReportReporter -->
<testsuite hostname="DESKTOP-VCUVMDU" failures="0" tests="1" name="com.qa.Testcases.TestCase_logout" time="14.444" errors="0" timestamp="2024-01-04T11:02:34 IST" skipped="0">
  <testcase classname="com.qa.Testcases.TestCase_logout" name="log1" time="14.444"/>
  <system-out/>
</testsuite> <!-- com.qa.Testcases.TestCase_logout -->
