<?xml version="1.0" encoding="UTF-8"?>
<!-- Generated by org.testng.reporters.JUnitReportReporter -->
<testsuite hostname="DESKTOP-NJ1J62O" failures="0" tests="1" name="com.qa.Testcases.Testcase_login" time="8.138" errors="0" timestamp="2024-01-04T11:16:26 IST" skipped="0">
  <testcase classname="com.qa.Testcases.Testcase_login" name="log" time="8.138"/>
  <system-out/>
</testsuite> <!-- com.qa.Testcases.Testcase_login -->
