<?xml version="1.0" encoding="UTF-8"?>
<!-- Generated by org.testng.reporters.JUnitReportReporter -->
<testsuite hostname="DESKTOP-0AO7GME" failures="0" tests="1" name="com.qa.Testcases.Testcase_loan" time="26.046" errors="0" timestamp="2024-01-04T11:39:23 IST" skipped="0">
  <testcase classname="com.qa.Testcases.Testcase_loan" name="log" time="26.046"/>
  <system-out/>
</testsuite> <!-- com.qa.Testcases.Testcase_loan -->
