<?xml version="1.0" encoding="UTF-8"?>
<!-- Generated by org.testng.reporters.JUnitReportReporter -->
<testsuite hostname="DESKTOP-NJ1J62O" failures="0" tests="1" name="com.qa.Testcases.Testcase_staff01" time="22.095" errors="0" timestamp="2024-01-04T11:31:00 IST" skipped="0">
  <testcase classname="com.qa.Testcases.Testcase_staff01" name="attd" time="22.095"/>
  <system-out/>
</testsuite> <!-- com.qa.Testcases.Testcase_staff01 -->
